<?xml version="1.0" encoding="UTF-8"?>
<testsuite xmlns:xsi="http://www.w3.org/2001/XMLSchema-instance" xsi:noNamespaceSchemaLocation="https://maven.apache.org/surefire/maven-surefire-plugin/xsd/surefire-test-report-3.0.xsd" version="3.0" name="com.college.recipes_collection.RecipesCollectionApplicationTests" time="11.46" tests="1" errors="0" skipped="0" failures="0">
  <properties>
[...]
</properties>
  <testcase name="contextLoads" classname="com.college.recipes_collection.RecipesCollectionApplicationTests" time="1.334">
    <system-out><![CDATA[10:09:44.961 [main] INFO org.springframework.test.context.support.AnnotationConfigContextLoaderUtils -- Could not detect default configuration classes for test class [com.college.recipes_collection.RecipesCollectionApplicationTests]: RecipesCollectionApplicationTests does not declare any static, non-private, non-final, nested classes annotated with @Configuration.
10:09:45.167 [main] INFO org.springframework.boot.test.context.SpringBootTestContextBootstrapper -- Found @SpringBootConfiguration com.college.recipes_collection.RecipesCollectionApplication for test class com.college.recipes_collection.RecipesCollectionApplicationTests
10:09:45.455 [main] INFO org.springframework.boot.devtools.restart.RestartApplicationListener -- Restart disabled due to context in which it is running

  .   ____          _            __ _ _
 /\\ / ___'_ __ _ _(_)_ __  __ _ \ \ \ \
( ( )\___ | '_ | '_| | '_ \/ _` | \ \ \ \
 \\/  ___)| |_)| | | | | || (_| |  ) ) ) )
  '  |____| .__|_| |_|_| |_\__, | / / / /
 =========|_|==============|___/=/_/_/_/

 :: Spring Boot ::                (v3.3.3)

2024-09-22T10:09:46.064-03:00  INFO 13248 --- [recipes-collection] [           main] c.c.r.RecipesCollectionApplicationTests  : Starting RecipesCollectionApplicationTests using Java 22.0.2 with PID 13248 (started by alvez in d:\alvez\Documents\recipes-collection\backend-recipes-collection)
2024-09-22T10:09:46.066-03:00  INFO 13248 --- [recipes-collection] [           main] c.c.r.RecipesCollectionApplicationTests  : No active profile set, falling back to 1 default profile: "default"
2024-09-22T10:09:47.884-03:00  INFO 13248 --- [recipes-collection] [           main] .s.d.r.c.RepositoryConfigurationDelegate : Bootstrapping Spring Data JPA repositories in DEFAULT mode.
2024-09-22T10:09:48.071-03:00  INFO 13248 --- [recipes-collection] [           main] .s.d.r.c.RepositoryConfigurationDelegate : Finished Spring Data repository scanning in 166 ms. Found 7 JPA repository interfaces.
2024-09-22T10:09:49.726-03:00  INFO 13248 --- [recipes-collection] [           main] com.zaxxer.hikari.HikariDataSource       : HikariPool-1 - Starting...
2024-09-22T10:09:50.152-03:00  INFO 13248 --- [recipes-collection] [           main] com.zaxxer.hikari.pool.HikariPool        : HikariPool-1 - Added connection conn0: url=jdbc:h2:mem:testdb user=SA
2024-09-22T10:09:50.156-03:00  INFO 13248 --- [recipes-collection] [           main] com.zaxxer.hikari.HikariDataSource       : HikariPool-1 - Start completed.
2024-09-22T10:09:50.245-03:00  INFO 13248 --- [recipes-collection] [           main] org.flywaydb.core.FlywayExecutor         : Database: jdbc:h2:mem:testdb (H2 2.2)
2024-09-22T10:09:50.258-03:00  WARN 13248 --- [recipes-collection] [           main] o.f.c.internal.database.base.Database    : Flyway upgrade recommended: H2 2.2.224 is newer than this version of Flyway and support has not been tested. The latest supported version of H2 is 2.2.220.
2024-09-22T10:09:50.317-03:00  INFO 13248 --- [recipes-collection] [           main] o.f.c.i.s.JdbcTableSchemaHistory         : Schema history table "PUBLIC"."flyway_schema_history" does not exist yet
2024-09-22T10:09:50.325-03:00  INFO 13248 --- [recipes-collection] [           main] o.f.core.internal.command.DbValidate     : Successfully validated 7 migrations (execution time 00:00.049s)
2024-09-22T10:09:50.337-03:00  INFO 13248 --- [recipes-collection] [           main] o.f.c.i.s.JdbcTableSchemaHistory         : Creating Schema History table "PUBLIC"."flyway_schema_history" ...
2024-09-22T10:09:50.398-03:00  INFO 13248 --- [recipes-collection] [           main] o.f.core.internal.command.DbMigrate      : Current version of schema "PUBLIC": << Empty Schema >>
2024-09-22T10:09:50.407-03:00  INFO 13248 --- [recipes-collection] [           main] o.f.core.internal.command.DbMigrate      : Migrating schema "PUBLIC" to version "1 - create-table-roles"
2024-09-22T10:09:50.440-03:00  INFO 13248 --- [recipes-collection] [           main] o.f.core.internal.command.DbMigrate      : Migrating schema "PUBLIC" to version "2 - create-table-users"
2024-09-22T10:09:50.457-03:00  INFO 13248 --- [recipes-collection] [           main] o.f.core.internal.command.DbMigrate      : Migrating schema "PUBLIC" to version "3 - create-table-categories"
2024-09-22T10:09:50.465-03:00  INFO 13248 --- [recipes-collection] [           main] o.f.core.internal.command.DbMigrate      : Migrating schema "PUBLIC" to version "4 - create-table-ingredients"
2024-09-22T10:09:50.476-03:00  INFO 13248 --- [recipes-collection] [           main] o.f.core.internal.command.DbMigrate      : Migrating schema "PUBLIC" to version "5 - create-table-recipes"
2024-09-22T10:09:50.487-03:00  INFO 13248 --- [recipes-collection] [           main] o.f.core.internal.command.DbMigrate      : Migrating schema "PUBLIC" to version "6 - create-table-measurements"
2024-09-22T10:09:50.495-03:00  INFO 13248 --- [recipes-collection] [           main] o.f.core.internal.command.DbMigrate      : Migrating schema "PUBLIC" to version "7 - create-table-ingredients-recipe"
2024-09-22T10:09:50.515-03:00  INFO 13248 --- [recipes-collection] [           main] o.f.core.internal.command.DbMigrate      : Successfully applied 7 migrations to schema "PUBLIC", now at version v7 (execution time 00:00.039s)
2024-09-22T10:09:50.709-03:00  INFO 13248 --- [recipes-collection] [           main] o.hibernate.jpa.internal.util.LogHelper  : HHH000204: Processing PersistenceUnitInfo [name: default]
2024-09-22T10:09:50.792-03:00  INFO 13248 --- [recipes-collection] [           main] org.hibernate.Version                    : HHH000412: Hibernate ORM core version 6.5.2.Final
2024-09-22T10:09:50.834-03:00  INFO 13248 --- [recipes-collection] [           main] o.h.c.internal.RegionFactoryInitiator    : HHH000026: Second-level cache disabled
2024-09-22T10:09:51.340-03:00  INFO 13248 --- [recipes-collection] [           main] o.s.o.j.p.SpringPersistenceUnitInfo      : No LoadTimeWeaver setup: ignoring JPA class transformer
2024-09-22T10:09:51.469-03:00  WARN 13248 --- [recipes-collection] [           main] org.hibernate.orm.deprecation            : HHH90000025: H2Dialect does not need to be specified explicitly using 'hibernate.dialect' (remove the property setting and it will be selected by default)
2024-09-22T10:09:53.013-03:00  INFO 13248 --- [recipes-collection] [           main] o.h.e.t.j.p.i.JtaPlatformInitiator       : HHH000489: No JTA platform available (set 'hibernate.transaction.jta.platform' to enable JTA platform integration)
2024-09-22T10:09:53.016-03:00  INFO 13248 --- [recipes-collection] [           main] j.LocalContainerEntityManagerFactoryBean : Initialized JPA EntityManagerFactory for persistence unit 'default'
2024-09-22T10:09:53.947-03:00  WARN 13248 --- [recipes-collection] [           main] JpaBaseConfiguration$JpaWebConfiguration : spring.jpa.open-in-view is enabled by default. Therefore, database queries may be performed during view rendering. Explicitly configure spring.jpa.open-in-view to disable this warning
2024-09-22T10:09:54.590-03:00  INFO 13248 --- [recipes-collection] [           main] c.c.r.RecipesCollectionApplicationTests  : Started RecipesCollectionApplicationTests in 9.156 seconds (process running for 11.587)
]]></system-out>
    <system-err><![CDATA[WARNING: A Java agent has been loaded dynamically (C:\Users\alvez\.m2\repository\net\bytebuddy\byte-buddy-agent\1.14.19\byte-buddy-agent-1.14.19.jar)
WARNING: If a serviceability tool is in use, please run with -XX:+EnableDynamicAgentLoading to hide this warning
WARNING: If a serviceability tool is not in use, please run with -Djdk.instrument.traceUsage for more information
WARNING: Dynamic loading of agents will be disallowed by default in a future release
]]></system-err>
  </testcase>
</testsuite>