<?xml version="1.0" encoding="UTF-8"?>
<testsuite xmlns:xsi="http://www.w3.org/2001/XMLSchema-instance" xsi:noNamespaceSchemaLocation="https://maven.apache.org/surefire/maven-surefire-plugin/xsd/surefire-test-report-3.0.xsd" version="3.0" name="com.college.recipes_collection.RecipesCollectionApplicationTests" time="10.534" tests="1" errors="0" skipped="0" failures="0">
  <properties>
[...]
</properties>
  <testcase name="contextLoads" classname="com.college.recipes_collection.RecipesCollectionApplicationTests" time="0.69">
    <system-out><![CDATA[20:33:19.718 [main] INFO org.springframework.test.context.support.AnnotationConfigContextLoaderUtils -- Could not detect default configuration classes for test class [com.college.recipes_collection.RecipesCollectionApplicationTests]: RecipesCollectionApplicationTests does not declare any static, non-private, non-final, nested classes annotated with @Configuration.
20:33:19.890 [main] INFO org.springframework.boot.test.context.SpringBootTestContextBootstrapper -- Found @SpringBootConfiguration com.college.recipes_collection.RecipesCollectionApplication for test class com.college.recipes_collection.RecipesCollectionApplicationTests
20:33:20.216 [main] INFO org.springframework.boot.devtools.restart.RestartApplicationListener -- Restart disabled due to context in which it is running

  .   ____          _            __ _ _
 /\\ / ___'_ __ _ _(_)_ __  __ _ \ \ \ \
( ( )\___ | '_ | '_| | '_ \/ _` | \ \ \ \
 \\/  ___)| |_)| | | | | || (_| |  ) ) ) )
  '  |____| .__|_| |_|_| |_\__, | / / / /
 =========|_|==============|___/=/_/_/_/

 :: Spring Boot ::                (v3.3.3)

2024-10-02T20:33:20.749-03:00  INFO 14788 --- [recipes-collection] [           main] c.c.r.RecipesCollectionApplicationTests  : Starting RecipesCollectionApplicationTests using Java 22.0.2 with PID 14788 (started by alvez in d:\alvez\Documents\recipes-collection\backend-recipes-collection)
2024-10-02T20:33:20.751-03:00  INFO 14788 --- [recipes-collection] [           main] c.c.r.RecipesCollectionApplicationTests  : No active profile set, falling back to 1 default profile: "default"
2024-10-02T20:33:22.154-03:00  INFO 14788 --- [recipes-collection] [           main] .s.d.r.c.RepositoryConfigurationDelegate : Bootstrapping Spring Data JPA repositories in DEFAULT mode.
2024-10-02T20:33:22.299-03:00  INFO 14788 --- [recipes-collection] [           main] .s.d.r.c.RepositoryConfigurationDelegate : Finished Spring Data repository scanning in 134 ms. Found 10 JPA repository interfaces.
2024-10-02T20:33:23.248-03:00  INFO 14788 --- [recipes-collection] [           main] com.zaxxer.hikari.HikariDataSource       : HikariPool-1 - Starting...
2024-10-02T20:33:23.554-03:00  INFO 14788 --- [recipes-collection] [           main] com.zaxxer.hikari.pool.HikariPool        : HikariPool-1 - Added connection conn0: url=jdbc:h2:mem:testdb user=SA
2024-10-02T20:33:23.557-03:00  INFO 14788 --- [recipes-collection] [           main] com.zaxxer.hikari.HikariDataSource       : HikariPool-1 - Start completed.
2024-10-02T20:33:23.629-03:00  INFO 14788 --- [recipes-collection] [           main] org.flywaydb.core.FlywayExecutor         : Database: jdbc:h2:mem:testdb (H2 2.2)
2024-10-02T20:33:23.639-03:00  WARN 14788 --- [recipes-collection] [           main] o.f.c.internal.database.base.Database    : Flyway upgrade recommended: H2 2.2.224 is newer than this version of Flyway and support has not been tested. The latest supported version of H2 is 2.2.220.
2024-10-02T20:33:23.690-03:00  INFO 14788 --- [recipes-collection] [           main] o.f.c.i.s.JdbcTableSchemaHistory         : Schema history table "PUBLIC"."flyway_schema_history" does not exist yet
2024-10-02T20:33:23.695-03:00  INFO 14788 --- [recipes-collection] [           main] o.f.core.internal.command.DbValidate     : Successfully validated 11 migrations (execution time 00:00.040s)
2024-10-02T20:33:23.704-03:00  INFO 14788 --- [recipes-collection] [           main] o.f.c.i.s.JdbcTableSchemaHistory         : Creating Schema History table "PUBLIC"."flyway_schema_history" ...
2024-10-02T20:33:23.764-03:00  INFO 14788 --- [recipes-collection] [           main] o.f.core.internal.command.DbMigrate      : Current version of schema "PUBLIC": << Empty Schema >>
2024-10-02T20:33:23.774-03:00  INFO 14788 --- [recipes-collection] [           main] o.f.core.internal.command.DbMigrate      : Migrating schema "PUBLIC" to version "1 - create-table-roles"
2024-10-02T20:33:23.800-03:00  INFO 14788 --- [recipes-collection] [           main] o.f.core.internal.command.DbMigrate      : Migrating schema "PUBLIC" to version "2 - create-table-users"
2024-10-02T20:33:23.814-03:00  INFO 14788 --- [recipes-collection] [           main] o.f.core.internal.command.DbMigrate      : Migrating schema "PUBLIC" to version "3 - create-table-categories"
2024-10-02T20:33:23.821-03:00  INFO 14788 --- [recipes-collection] [           main] o.f.core.internal.command.DbMigrate      : Migrating schema "PUBLIC" to version "4 - create-table-ingredients"
2024-10-02T20:33:23.828-03:00  INFO 14788 --- [recipes-collection] [           main] o.f.core.internal.command.DbMigrate      : Migrating schema "PUBLIC" to version "5 - create-table-recipes"
2024-10-02T20:33:23.840-03:00  INFO 14788 --- [recipes-collection] [           main] o.f.core.internal.command.DbMigrate      : Migrating schema "PUBLIC" to version "6 - create-table-measurements"
2024-10-02T20:33:23.848-03:00  INFO 14788 --- [recipes-collection] [           main] o.f.core.internal.command.DbMigrate      : Migrating schema "PUBLIC" to version "7 - create-table-ingredients-recipe"
2024-10-02T20:33:23.865-03:00  INFO 14788 --- [recipes-collection] [           main] o.f.core.internal.command.DbMigrate      : Migrating schema "PUBLIC" to version "8 - create-table-reviews"
2024-10-02T20:33:23.877-03:00  INFO 14788 --- [recipes-collection] [           main] o.f.core.internal.command.DbMigrate      : Migrating schema "PUBLIC" to version "9 - create-table-books"
2024-10-02T20:33:23.885-03:00  INFO 14788 --- [recipes-collection] [           main] o.f.core.internal.command.DbMigrate      : Migrating schema "PUBLIC" to version "10 - create-table-publications"
2024-10-02T20:33:23.896-03:00  INFO 14788 --- [recipes-collection] [           main] o.f.core.internal.command.DbMigrate      : Migrating schema "PUBLIC" to version "11 - create-table-goals"
2024-10-02T20:33:23.910-03:00  INFO 14788 --- [recipes-collection] [           main] o.f.core.internal.command.DbMigrate      : Successfully applied 11 migrations to schema "PUBLIC", now at version v11 (execution time 00:00.054s)
2024-10-02T20:33:24.117-03:00  INFO 14788 --- [recipes-collection] [           main] o.hibernate.jpa.internal.util.LogHelper  : HHH000204: Processing PersistenceUnitInfo [name: default]
2024-10-02T20:33:24.220-03:00  INFO 14788 --- [recipes-collection] [           main] org.hibernate.Version                    : HHH000412: Hibernate ORM core version 6.5.2.Final
2024-10-02T20:33:24.278-03:00  INFO 14788 --- [recipes-collection] [           main] o.h.c.internal.RegionFactoryInitiator    : HHH000026: Second-level cache disabled
2024-10-02T20:33:24.789-03:00  INFO 14788 --- [recipes-collection] [           main] o.s.o.j.p.SpringPersistenceUnitInfo      : No LoadTimeWeaver setup: ignoring JPA class transformer
2024-10-02T20:33:24.860-03:00  WARN 14788 --- [recipes-collection] [           main] org.hibernate.orm.deprecation            : HHH90000025: H2Dialect does not need to be specified explicitly using 'hibernate.dialect' (remove the property setting and it will be selected by default)
2024-10-02T20:33:26.397-03:00  INFO 14788 --- [recipes-collection] [           main] o.h.e.t.j.p.i.JtaPlatformInitiator       : HHH000489: No JTA platform available (set 'hibernate.transaction.jta.platform' to enable JTA platform integration)
2024-10-02T20:33:26.402-03:00  INFO 14788 --- [recipes-collection] [           main] j.LocalContainerEntityManagerFactoryBean : Initialized JPA EntityManagerFactory for persistence unit 'default'
2024-10-02T20:33:26.845-03:00  INFO 14788 --- [recipes-collection] [           main] o.s.d.j.r.query.QueryEnhancerFactory     : Hibernate is in classpath; If applicable, HQL parser will be used.
2024-10-02T20:33:28.245-03:00  WARN 14788 --- [recipes-collection] [           main] JpaBaseConfiguration$JpaWebConfiguration : spring.jpa.open-in-view is enabled by default. Therefore, database queries may be performed during view rendering. Explicitly configure spring.jpa.open-in-view to disable this warning
2024-10-02T20:33:29.147-03:00  INFO 14788 --- [recipes-collection] [           main] c.c.r.RecipesCollectionApplicationTests  : Started RecipesCollectionApplicationTests in 8.955 seconds (process running for 10.782)
]]></system-out>
    <system-err><![CDATA[WARNING: A Java agent has been loaded dynamically (C:\Users\alvez\.m2\repository\net\bytebuddy\byte-buddy-agent\1.14.19\byte-buddy-agent-1.14.19.jar)
WARNING: If a serviceability tool is in use, please run with -XX:+EnableDynamicAgentLoading to hide this warning
WARNING: If a serviceability tool is not in use, please run with -Djdk.instrument.traceUsage for more information
WARNING: Dynamic loading of agents will be disallowed by default in a future release
]]></system-err>
  </testcase>
</testsuite>